Release 14.7 - xst P.20131013 (nt64)
Copyright (c) 1995-2013 Xilinx, Inc.  All rights reserved.
--> Parameter TMPDIR set to xst/projnav.tmp


Total REAL time to Xst completion: 0.00 secs
Total CPU time to Xst completion: 0.18 secs
 
--> Parameter xsthdpdir set to xst


Total REAL time to Xst completion: 0.00 secs
Total CPU time to Xst completion: 0.18 secs
 
--> Reading design: IFU.prj

TABLE OF CONTENTS
  1) Synthesis Options Summary
  2) HDL Parsing
  3) HDL Elaboration
  4) HDL Synthesis
       4.1) HDL Synthesis Report
  5) Advanced HDL Synthesis
       5.1) Advanced HDL Synthesis Report
  6) Low Level Synthesis
  7) Partition Report
  8) Design Summary
       8.1) Primitive and Black Box Usage
       8.2) Device utilization summary
       8.3) Partition Resource Summary
       8.4) Timing Report
            8.4.1) Clock Information
            8.4.2) Asynchronous Control Signals Information
            8.4.3) Timing Summary
            8.4.4) Timing Details
            8.4.5) Cross Clock Domains Report


=========================================================================
*                      Synthesis Options Summary                        *
=========================================================================
---- Source Parameters
Input File Name                    : "IFU.prj"
Ignore Synthesis Constraint File   : NO

---- Target Parameters
Output File Name                   : "IFU"
Output Format                      : NGC
Target Device                      : xc6slx4-3-tqg144

---- Source Options
Top Module Name                    : IFU
Automatic FSM Extraction           : YES
FSM Encoding Algorithm             : Auto
Safe Implementation                : No
FSM Style                          : LUT
RAM Extraction                     : Yes
RAM Style                          : Auto
ROM Extraction                     : Yes
Shift Register Extraction          : YES
ROM Style                          : Auto
Resource Sharing                   : YES
Asynchronous To Synchronous        : NO
Shift Register Minimum Size        : 2
Use DSP Block                      : Auto
Automatic Register Balancing       : No

---- Target Options
LUT Combining                      : Auto
Reduce Control Sets                : Auto
Add IO Buffers                     : YES
Global Maximum Fanout              : 100000
Add Generic Clock Buffer(BUFG)     : 16
Register Duplication               : YES
Optimize Instantiated Primitives   : NO
Use Clock Enable                   : Auto
Use Synchronous Set                : Auto
Use Synchronous Reset              : Auto
Pack IO Registers into IOBs        : Auto
Equivalent register Removal        : YES

---- General Options
Optimization Goal                  : Speed
Optimization Effort                : 1
Power Reduction                    : NO
Keep Hierarchy                     : No
Netlist Hierarchy                  : As_Optimized
RTL Output                         : Yes
Global Optimization                : AllClockNets
Read Cores                         : YES
Write Timing Constraints           : NO
Cross Clock Analysis               : NO
Hierarchy Separator                : /
Bus Delimiter                      : <>
Case Specifier                     : Maintain
Slice Utilization Ratio            : 100
BRAM Utilization Ratio             : 100
DSP48 Utilization Ratio            : 100
Auto BRAM Packing                  : NO
Slice Utilization Ratio Delta      : 5

=========================================================================


=========================================================================
*                          HDL Parsing                                  *
=========================================================================
Analyzing Verilog file "D:\codefield\ISE_Verilog\my_CPU\IFU.v" into library work
Parsing module <IFU>.

=========================================================================
*                            HDL Elaboration                            *
=========================================================================

Elaborating module <IFU>.
Reading initialization file \"code.txt\".
WARNING:HDLCompiler:1670 - "D:\codefield\ISE_Verilog\my_CPU\IFU.v" Line 32: Signal <im_reg> in initial block is partially initialized.
WARNING:HDLCompiler:413 - "D:\codefield\ISE_Verilog\my_CPU\IFU.v" Line 37: Result of 32-bit expression is truncated to fit in 1-bit target.

=========================================================================
*                           HDL Synthesis                               *
=========================================================================

Synthesizing Unit <IFU>.
    Related source file is "D:\codefield\ISE_Verilog\my_CPU\IFU.v".
WARNING:Xst:647 - Input <reset> is never used. This port will be preserved and left unconnected if it belongs to a top-level block or it belongs to a sub-block and the hierarchy of this sub-block is preserved.
WARNING:Xst:2999 - Signal 'im_reg', unconnected in block 'IFU', is tied to its initial value.
    Found 4096x32-bit single-port Read Only RAM <Mram_im_reg> for signal <im_reg>.
    Found 32-bit register for signal <PC_reg>.
    Found 32-bit adder for signal <n0008> created at line 37.
    Summary:
	inferred   1 RAM(s).
	inferred   1 Adder/Subtractor(s).
	inferred  32 D-type flip-flop(s).
Unit <IFU> synthesized.

=========================================================================
HDL Synthesis Report

Macro Statistics
# RAMs                                                 : 1
 4096x32-bit single-port Read Only RAM                 : 1
# Adders/Subtractors                                   : 1
 32-bit adder                                          : 1
# Registers                                            : 1
 32-bit register                                       : 1

=========================================================================

=========================================================================
*                       Advanced HDL Synthesis                          *
=========================================================================


Synthesizing (advanced) Unit <IFU>.
INFO:Xst:3226 - The RAM <Mram_im_reg> will be implemented as a BLOCK RAM, absorbing the following register(s): <PC_reg>
    -----------------------------------------------------------------------
    | ram_type           | Block                               |          |
    -----------------------------------------------------------------------
    | Port A                                                              |
    |     aspect ratio   | 4096-word x 32-bit                  |          |
    |     mode           | write-first                         |          |
    |     clkA           | connected to signal <clk>           | rise     |
    |     weA            | connected to signal <GND>           | high     |
    |     addrA          | connected to signal <nowPC<13:2>>   |          |
    |     diA            | connected to signal <GND>           |          |
    |     doA            | connected to signal <instru>        |          |
    -----------------------------------------------------------------------
    | optimization       | speed                               |          |
    -----------------------------------------------------------------------
Unit <IFU> synthesized (advanced).
WARNING:Xst:2677 - Node <PC_reg_1> of sequential type is unconnected in block <IFU>.
WARNING:Xst:2677 - Node <PC_reg_2> of sequential type is unconnected in block <IFU>.
WARNING:Xst:2677 - Node <PC_reg_3> of sequential type is unconnected in block <IFU>.
WARNING:Xst:2677 - Node <PC_reg_4> of sequential type is unconnected in block <IFU>.
WARNING:Xst:2677 - Node <PC_reg_5> of sequential type is unconnected in block <IFU>.
WARNING:Xst:2677 - Node <PC_reg_6> of sequential type is unconnected in block <IFU>.
WARNING:Xst:2677 - Node <PC_reg_7> of sequential type is unconnected in block <IFU>.
WARNING:Xst:2677 - Node <PC_reg_8> of sequential type is unconnected in block <IFU>.
WARNING:Xst:2677 - Node <PC_reg_9> of sequential type is unconnected in block <IFU>.
WARNING:Xst:2677 - Node <PC_reg_10> of sequential type is unconnected in block <IFU>.
WARNING:Xst:2677 - Node <PC_reg_11> of sequential type is unconnected in block <IFU>.
WARNING:Xst:2677 - Node <PC_reg_12> of sequential type is unconnected in block <IFU>.
WARNING:Xst:2677 - Node <PC_reg_13> of sequential type is unconnected in block <IFU>.
WARNING:Xst:2677 - Node <PC_reg_14> of sequential type is unconnected in block <IFU>.
WARNING:Xst:2677 - Node <PC_reg_15> of sequential type is unconnected in block <IFU>.
WARNING:Xst:2677 - Node <PC_reg_16> of sequential type is unconnected in block <IFU>.
WARNING:Xst:2677 - Node <PC_reg_17> of sequential type is unconnected in block <IFU>.
WARNING:Xst:2677 - Node <PC_reg_18> of sequential type is unconnected in block <IFU>.
WARNING:Xst:2677 - Node <PC_reg_19> of sequential type is unconnected in block <IFU>.
WARNING:Xst:2677 - Node <PC_reg_20> of sequential type is unconnected in block <IFU>.
WARNING:Xst:2677 - Node <PC_reg_21> of sequential type is unconnected in block <IFU>.
WARNING:Xst:2677 - Node <PC_reg_22> of sequential type is unconnected in block <IFU>.
WARNING:Xst:2677 - Node <PC_reg_23> of sequential type is unconnected in block <IFU>.
WARNING:Xst:2677 - Node <PC_reg_24> of sequential type is unconnected in block <IFU>.
WARNING:Xst:2677 - Node <PC_reg_25> of sequential type is unconnected in block <IFU>.
WARNING:Xst:2677 - Node <PC_reg_26> of sequential type is unconnected in block <IFU>.
WARNING:Xst:2677 - Node <PC_reg_27> of sequential type is unconnected in block <IFU>.
WARNING:Xst:2677 - Node <PC_reg_28> of sequential type is unconnected in block <IFU>.
WARNING:Xst:2677 - Node <PC_reg_29> of sequential type is unconnected in block <IFU>.
WARNING:Xst:2677 - Node <PC_reg_30> of sequential type is unconnected in block <IFU>.
WARNING:Xst:2677 - Node <PC_reg_31> of sequential type is unconnected in block <IFU>.

=========================================================================
Advanced HDL Synthesis Report

Macro Statistics
# RAMs                                                 : 1
 4096x32-bit single-port block Read Only RAM           : 1
# Adders/Subtractors                                   : 1
 1-bit adder                                           : 1
# Registers                                            : 1
 Flip-Flops                                            : 1

=========================================================================

=========================================================================
*                         Low Level Synthesis                           *
=========================================================================

Optimizing unit <IFU> ...

Mapping all equations...
Building and optimizing final netlist ...
Found area constraint ratio of 100 (+ 5) on block IFU, actual ratio is 0.

Final Macro Processing ...

=========================================================================
Final Register Report

Macro Statistics
# Registers                                            : 1
 Flip-Flops                                            : 1

=========================================================================

=========================================================================
*                           Partition Report                            *
=========================================================================

Partition Implementation Status
-------------------------------

  No Partitions were found in this design.

-------------------------------

=========================================================================
*                            Design Summary                             *
=========================================================================

Top Level Output File Name         : IFU.ngc

Primitive and Black Box Usage:
------------------------------
# BELS                             : 2
#      GND                         : 1
#      VCC                         : 1
# FlipFlops/Latches                : 1
#      FD                          : 1
# RAMS                             : 8
#      RAMB16BWER                  : 8
# Clock Buffers                    : 1
#      BUFGP                       : 1
# IO Buffers                       : 46
#      IBUF                        : 13
#      OBUF                        : 33

Device utilization summary:
---------------------------

Selected Device : 6slx4tqg144-3 


Slice Logic Utilization: 

Slice Logic Distribution: 
 Number of LUT Flip Flop pairs used:      0
   Number with an unused Flip Flop:       0  out of      0         
   Number with an unused LUT:             0  out of      0         
   Number of fully used LUT-FF pairs:     0  out of      0         
   Number of unique control sets:         1

IO Utilization: 
 Number of IOs:                          67
 Number of bonded IOBs:                  47  out of    102    46%  
    IOB Flip Flops/Latches:               1

Specific Feature Utilization:
 Number of Block RAM/FIFO:                8  out of     12    66%  
    Number using Block RAM only:          8
 Number of BUFG/BUFGCTRLs:                1  out of     16     6%  

---------------------------
Partition Resource Summary:
---------------------------

  No Partitions were found in this design.

---------------------------


=========================================================================
Timing Report

NOTE: THESE TIMING NUMBERS ARE ONLY A SYNTHESIS ESTIMATE.
      FOR ACCURATE TIMING INFORMATION PLEASE REFER TO THE TRACE REPORT
      GENERATED AFTER PLACE-and-ROUTE.

Clock Information:
------------------
-----------------------------------+------------------------+-------+
Clock Signal                       | Clock buffer(FF name)  | Load  |
-----------------------------------+------------------------+-------+
clk                                | BUFGP                  | 9     |
-----------------------------------+------------------------+-------+

Asynchronous Control Signals Information:
----------------------------------------
No asynchronous control signals found in this design

Timing Summary:
---------------
Speed Grade: -3

   Minimum period: No path found
   Minimum input arrival time before clock: 2.374ns
   Maximum output required time after clock: 5.000ns
   Maximum combinational path delay: No path found

Timing Details:
---------------
All values displayed in nanoseconds (ns)

=========================================================================
Timing constraint: Default OFFSET IN BEFORE for Clock 'clk'
  Total number of paths / destination ports: 97 / 97
-------------------------------------------------------------------------
Offset:              2.374ns (Levels of Logic = 1)
  Source:            nowPC<13> (PAD)
  Destination:       Mram_im_reg8 (RAM)
  Destination Clock: clk rising

  Data Path: nowPC<13> to Mram_im_reg8
                                Gate     Net
    Cell:in->out      fanout   Delay   Delay  Logical Name (Net Name)
    ----------------------------------------  ------------
     IBUF:I->O             8   1.222   0.802  nowPC_13_IBUF (nowPC_13_IBUF)
     RAMB16BWER:ADDRA13        0.350          Mram_im_reg1
    ----------------------------------------
    Total                      2.374ns (1.572ns logic, 0.802ns route)
                                       (66.2% logic, 33.8% route)

=========================================================================
Timing constraint: Default OFFSET OUT AFTER for Clock 'clk'
  Total number of paths / destination ports: 33 / 33
-------------------------------------------------------------------------
Offset:              5.000ns (Levels of Logic = 1)
  Source:            Mram_im_reg8 (RAM)
  Destination:       instru<31> (PAD)
  Source Clock:      clk rising

  Data Path: Mram_im_reg8 to instru<31>
                                Gate     Net
    Cell:in->out      fanout   Delay   Delay  Logical Name (Net Name)
    ----------------------------------------  ------------
     RAMB16BWER:CLKA->DOA3    1   1.850   0.579  Mram_im_reg8 (instru_31_OBUF)
     OBUF:I->O                 2.571          instru_31_OBUF (instru<31>)
    ----------------------------------------
    Total                      5.000ns (4.421ns logic, 0.579ns route)
                                       (88.4% logic, 11.6% route)

=========================================================================

Cross Clock Domains Report:
--------------------------

=========================================================================


Total REAL time to Xst completion: 4.00 secs
Total CPU time to Xst completion: 4.59 secs
 
--> 

Total memory usage is 4501696 kilobytes

Number of errors   :    0 (   0 filtered)
Number of warnings :   35 (   0 filtered)
Number of infos    :    1 (   0 filtered)

